2026-04-13 17:03:28 | Started 5-Fold CV Pipeline
2026-04-13 17:03:51 | Loading Data...
2026-04-13 17:04:29 | Loading Data...
2026-04-13 17:04:31 | Data Shape: (5337414, 94)
2026-04-13 17:05:12 | Loading Data...
2026-04-13 17:05:15 | Data Shape: (5337414, 94)
2026-04-13 17:05:29 | Selecting Top 30 Features...
2026-04-13 17:05:33 | Selected: ['feature_bn', 'feature_u', 'feature_ca', 'feature_am', 'feature_cd', 'feature_bo', 'feature_v', 'feature_an', 'feature_ap', 'feature_bm', 'feature_cb', 'feature_al', 'feature_i', 'feature_bz', 'feature_ag', 'feature_be', 'feature_r', 'feature_ae', 'feature_ah', 'horizon', 'feature_cc', 'feature_s', 'feature_bd', 'feature_h', 'feature_ai', 'feature_ay', 'feature_by', 'feature_k', 'feature_bg', 'feature_ac']
2026-04-13 17:05:59 | Model & helpers defined.
2026-04-13 17:06:02 | ============================================================
2026-04-13 17:06:02 | STARTING 5-FOLD TEMPORAL CROSS-VALIDATION
2026-04-13 17:06:02 | ============================================================
2026-04-13 17:06:02 | Unique timestamps: 3601 | Per fold: ~720
2026-04-13 17:06:02 | 
============================================================
FOLD 1/5
============================================================
2026-04-13 17:06:06 | Train: 4,571,686 | Val: 765,728
2026-04-13 17:06:20 | X_train: (4539862, 4, 33) | X_val: (500000, 4, 33)
2026-04-13 17:10:00 |   Ep 01 | Tr: 31556.4999 | Val: 70448.3932 | RMSE: 0.009305 | 216.0s *
2026-04-13 17:13:26 |   Ep 02 | Tr: 18121.7486 | Val: 15794.3710 | RMSE: 0.001469 | 206.2s *
2026-04-13 17:17:06 |   Ep 03 | Tr: 10752.4347 | Val: 9989.0764 | RMSE: 0.001689 | 220.5s *
2026-04-13 17:20:52 |   Ep 04 | Tr: 6031.2920 | Val: 17060.5134 | RMSE: 0.002552 | 225.7s
2026-04-13 17:24:31 |   Ep 05 | Tr: 4284.7124 | Val: 6759.0911 | RMSE: 0.001442 | 218.5s *
2026-04-13 17:28:10 |   Ep 06 | Tr: 3450.6240 | Val: 5296.5239 | RMSE: 0.001457 | 219.4s *
2026-04-13 17:31:48 |   Ep 07 | Tr: 3099.4355 | Val: 6790.0540 | RMSE: 0.001540 | 217.9s
2026-04-13 17:35:30 |   Ep 08 | Tr: 2788.2190 | Val: 6460.8608 | RMSE: 0.001478 | 222.2s
2026-04-13 17:39:08 |   Ep 09 | Tr: 2619.1810 | Val: 9777.2800 | RMSE: 0.001704 | 217.9s
2026-04-13 17:42:43 |   Ep 10 | Tr: 2497.8497 | Val: 6632.4355 | RMSE: 0.001506 | 215.2s
2026-04-13 17:46:18 |   Ep 11 | Tr: 2409.4359 | Val: 4581.9292 | RMSE: 0.001451 | 214.5s *
2026-04-13 17:49:48 |   Ep 12 | Tr: 2359.6712 | Val: 4703.7357 | RMSE: 0.001457 | 210.2s
2026-04-13 17:53:25 |   Ep 13 | Tr: 2319.8534 | Val: 7129.3112 | RMSE: 0.001527 | 217.1s
2026-04-13 17:57:06 |   Ep 14 | Tr: 2243.1713 | Val: 5292.1901 | RMSE: 0.001458 | 220.6s
2026-04-13 18:00:44 |   Ep 15 | Tr: 2193.2599 | Val: 4545.5331 | RMSE: 0.001444 | 218.5s *
2026-04-13 18:04:27 |   Ep 16 | Tr: 2142.9519 | Val: 4430.8558 | RMSE: 0.001449 | 223.2s *
2026-04-13 18:08:06 |   Ep 17 | Tr: 2122.6379 | Val: 6148.3325 | RMSE: 0.001485 | 219.0s
2026-04-13 18:11:50 |   Ep 18 | Tr: 2102.9794 | Val: 3979.7230 | RMSE: 0.001441 | 223.2s *
2026-04-13 18:15:30 |   Ep 19 | Tr: 2081.4950 | Val: 3498.3394 | RMSE: 0.001442 | 220.8s *
2026-04-13 18:19:10 |   Ep 20 | Tr: 2059.2520 | Val: 4781.2401 | RMSE: 0.001451 | 219.7s
2026-04-13 18:22:58 |   Ep 21 | Tr: 2039.6620 | Val: 4430.7873 | RMSE: 0.001439 | 228.4s
2026-04-13 18:26:37 |   Ep 22 | Tr: 2024.6320 | Val: 4499.6609 | RMSE: 0.001451 | 218.7s
2026-04-13 18:30:19 |   Ep 23 | Tr: 2010.2095 | Val: 3248.9882 | RMSE: 0.001445 | 221.4s *
2026-04-13 18:34:04 |   Ep 24 | Tr: 1995.7741 | Val: 4127.0175 | RMSE: 0.001448 | 225.2s
2026-04-13 18:37:38 |   Ep 25 | Tr: 1969.1493 | Val: 3432.4541 | RMSE: 0.001452 | 214.6s
2026-04-13 18:41:33 |   Ep 26 | Tr: 1956.9050 | Val: 3743.0469 | RMSE: 0.001452 | 234.4s
2026-04-13 18:45:17 |   Ep 27 | Tr: 1944.6982 | Val: 3927.8485 | RMSE: 0.001447 | 224.5s
2026-04-13 18:49:05 |   Ep 28 | Tr: 1925.5090 | Val: 3452.3340 | RMSE: 0.001449 | 227.9s
2026-04-13 18:52:46 |   Ep 29 | Tr: 1909.2832 | Val: 4364.7169 | RMSE: 0.001463 | 221.0s
2026-04-13 18:56:32 |   Ep 30 | Tr: 1899.5062 | Val: 3526.6594 | RMSE: 0.001452 | 226.0s
2026-04-13 19:00:13 |   Ep 31 | Tr: 1890.6834 | Val: 4051.4871 | RMSE: 0.001463 | 220.6s
2026-04-13 19:03:49 |   Ep 32 | Tr: 1876.7209 | Val: 3425.3824 | RMSE: 0.001450 | 215.9s
2026-04-13 19:07:33 |   Ep 33 | Tr: 1864.2475 | Val: 3384.7457 | RMSE: 0.001454 | 224.3s
2026-04-13 19:11:13 |   Ep 34 | Tr: 1853.1398 | Val: 3498.9285 | RMSE: 0.001454 | 220.4s
2026-04-13 19:14:55 |   Ep 35 | Tr: 1847.3352 | Val: 3615.9643 | RMSE: 0.001459 | 222.1s
2026-04-13 19:18:34 |   Ep 36 | Tr: 1838.3514 | Val: 3630.4593 | RMSE: 0.001456 | 218.1s
2026-04-13 19:22:12 |   Ep 37 | Tr: 1832.3776 | Val: 3553.9378 | RMSE: 0.001457 | 218.3s
2026-04-13 19:25:54 |   Ep 38 | Tr: 1826.7226 | Val: 3431.9532 | RMSE: 0.001458 | 222.3s
2026-04-13 19:29:37 |   Ep 39 | Tr: 1823.3753 | Val: 3370.2389 | RMSE: 0.001456 | 223.0s
2026-04-13 19:33:25 |   Ep 40 | Tr: 1820.3986 | Val: 3425.9080 | RMSE: 0.001456 | 227.8s
2026-04-13 19:33:33 |   Fold 1: RMSE=0.001439 | Score=0.077143 | Cov=47.9% | 147.5min
2026-04-13 19:33:33 | 
============================================================
FOLD 2/5
============================================================
2026-04-13 19:33:36 | Train: 4,344,849 | Val: 992,565
2026-04-13 19:33:51 | X_train: (4312771, 4, 33) | X_val: (500000, 4, 33)
2026-04-13 19:37:27 |   Ep 01 | Tr: 44565.0356 | Val: 17999.9166 | RMSE: 0.003610 | 215.2s *
2026-04-13 19:41:07 |   Ep 02 | Tr: 42815.4448 | Val: 29084.6923 | RMSE: 0.009703 | 221.0s
2026-04-13 19:44:39 |   Ep 03 | Tr: 28396.3402 | Val: 8855.0424 | RMSE: 0.003837 | 211.4s *
2026-04-13 19:48:12 |   Ep 04 | Tr: 18240.7157 | Val: 6945.9908 | RMSE: 0.003620 | 213.4s *
2026-04-13 19:51:46 |   Ep 05 | Tr: 10027.4235 | Val: 7974.1796 | RMSE: 0.004398 | 213.3s
2026-04-13 19:55:22 |   Ep 06 | Tr: 8302.1511 | Val: 2792.9561 | RMSE: 0.002665 | 215.9s *
2026-04-13 19:58:57 |   Ep 07 | Tr: 7432.1437 | Val: 3698.7872 | RMSE: 0.002665 | 215.0s
2026-04-13 20:02:39 |   Ep 08 | Tr: 6395.9800 | Val: 7134.1636 | RMSE: 0.002682 | 222.2s
2026-04-13 20:06:18 |   Ep 09 | Tr: 5497.0235 | Val: 2188.5550 | RMSE: 0.002678 | 218.9s *
2026-04-13 20:09:56 |   Ep 10 | Tr: 5662.4239 | Val: 2092.5863 | RMSE: 0.002666 | 218.4s *
2026-04-13 20:13:27 |   Ep 11 | Tr: 5370.4515 | Val: 5185.7473 | RMSE: 0.003342 | 210.9s
2026-04-13 20:16:58 |   Ep 12 | Tr: 4368.8438 | Val: 4647.8153 | RMSE: 0.002853 | 211.3s
2026-04-13 20:20:33 |   Ep 13 | Tr: 4366.9863 | Val: 2452.7356 | RMSE: 0.002669 | 214.8s
2026-04-13 20:23:59 |   Ep 14 | Tr: 4128.8395 | Val: 2236.5622 | RMSE: 0.002683 | 205.8s
2026-04-13 20:27:29 |   Ep 15 | Tr: 3458.9163 | Val: 2773.9616 | RMSE: 0.002699 | 210.2s
2026-04-13 20:31:00 |   Ep 16 | Tr: 3198.1504 | Val: 2760.4461 | RMSE: 0.002717 | 211.2s
2026-04-13 20:34:32 |   Ep 17 | Tr: 3161.7016 | Val: 3179.9101 | RMSE: 0.002739 | 211.5s
2026-04-13 20:38:08 |   Ep 18 | Tr: 3061.9142 | Val: 2153.3469 | RMSE: 0.002676 | 216.5s
2026-04-13 20:41:36 |   Ep 19 | Tr: 2693.7959 | Val: 2782.7608 | RMSE: 0.002702 | 207.2s
2026-04-13 20:45:10 |   Ep 20 | Tr: 2690.2052 | Val: 2264.2862 | RMSE: 0.002691 | 214.0s
2026-04-13 20:48:44 |   Ep 21 | Tr: 2716.3859 | Val: 2269.3130 | RMSE: 0.002685 | 214.5s
2026-04-13 20:52:21 |   Ep 22 | Tr: 2617.1503 | Val: 2213.2870 | RMSE: 0.002671 | 216.3s
2026-04-13 20:55:48 |   Ep 23 | Tr: 2444.3923 | Val: 2156.1213 | RMSE: 0.002683 | 207.2s
2026-04-13 20:59:16 |   Ep 24 | Tr: 2690.7366 | Val: 2451.6675 | RMSE: 0.002697 | 208.7s
2026-04-13 21:02:45 |   Ep 25 | Tr: 2693.5082 | Val: 2207.4101 | RMSE: 0.002680 | 208.3s
2026-04-13 21:06:22 |   Ep 26 | Tr: 2216.5826 | Val: 2179.9089 | RMSE: 0.002684 | 217.2s
2026-04-13 21:09:50 |   Ep 27 | Tr: 2277.7636 | Val: 2146.6494 | RMSE: 0.002687 | 208.5s
2026-04-13 21:13:24 |   Ep 28 | Tr: 2165.3266 | Val: 2268.5501 | RMSE: 0.002695 | 213.3s
2026-04-13 21:16:57 |   Ep 29 | Tr: 2201.8416 | Val: 2334.4947 | RMSE: 0.002694 | 212.8s
2026-04-13 21:20:26 |   Ep 30 | Tr: 2164.5477 | Val: 2269.7185 | RMSE: 0.002684 | 209.1s
2026-04-13 21:23:59 |   Ep 31 | Tr: 2095.4038 | Val: 2410.9333 | RMSE: 0.002685 | 213.0s
2026-04-13 21:27:29 |   Ep 32 | Tr: 2165.3456 | Val: 2232.1385 | RMSE: 0.002678 | 210.1s
2026-04-13 21:30:57 |   Ep 33 | Tr: 2084.8388 | Val: 2246.3742 | RMSE: 0.002687 | 207.8s
2026-04-13 21:34:22 |   Ep 34 | Tr: 2035.6006 | Val: 2197.2310 | RMSE: 0.002688 | 205.5s
2026-04-13 21:37:42 |   Ep 35 | Tr: 2046.4648 | Val: 2189.4085 | RMSE: 0.002688 | 200.0s
2026-04-13 21:41:04 |   Ep 36 | Tr: 2026.5830 | Val: 2172.1847 | RMSE: 0.002687 | 202.3s
2026-04-13 21:44:24 |   Ep 37 | Tr: 1958.3218 | Val: 2177.6662 | RMSE: 0.002685 | 199.8s
2026-04-13 21:47:49 |   Ep 38 | Tr: 2009.6915 | Val: 2175.5086 | RMSE: 0.002687 | 205.2s
2026-04-13 21:51:17 |   Ep 39 | Tr: 1975.1700 | Val: 2188.6530 | RMSE: 0.002686 | 207.6s
2026-04-13 21:54:46 |   Ep 40 | Tr: 1984.1601 | Val: 2184.3998 | RMSE: 0.002688 | 208.4s
2026-04-13 21:54:54 |   Fold 2: RMSE=0.002665 | Score=0.043937 | Cov=46.1% | 141.4min
2026-04-13 21:54:55 | 
============================================================
FOLD 3/5
============================================================
2026-04-13 21:54:58 | Train: 4,218,941 | Val: 1,118,473
2026-04-13 21:55:12 | X_train: (4187519, 4, 33) | X_val: (500000, 4, 33)
2026-04-13 21:58:40 |   Ep 01 | Tr: 47828.5133 | Val: 9839.9491 | RMSE: 0.003589 | 207.0s *
2026-04-13 22:01:58 |   Ep 02 | Tr: 19194.1034 | Val: 16166.4405 | RMSE: 0.005789 | 198.4s
2026-04-13 22:05:12 |   Ep 03 | Tr: 15053.5734 | Val: 19165.6550 | RMSE: 0.006278 | 194.2s
2026-04-13 22:08:24 |   Ep 04 | Tr: 12352.8951 | Val: 7894.7083 | RMSE: 0.002470 | 191.4s *
2026-04-13 22:11:43 |   Ep 05 | Tr: 7503.3802 | Val: 3572.0129 | RMSE: 0.002240 | 199.4s *
2026-04-13 22:15:06 |   Ep 06 | Tr: 6109.6045 | Val: 6527.0557 | RMSE: 0.002936 | 202.4s
2026-04-13 22:18:23 |   Ep 07 | Tr: 5813.8733 | Val: 3652.6621 | RMSE: 0.002376 | 197.7s
2026-04-13 22:21:49 |   Ep 08 | Tr: 3761.6518 | Val: 3563.2884 | RMSE: 0.002333 | 205.3s *
2026-04-13 22:25:09 |   Ep 09 | Tr: 3361.6603 | Val: 6155.1672 | RMSE: 0.002927 | 200.3s
2026-04-13 22:28:30 |   Ep 10 | Tr: 3463.2258 | Val: 3796.1765 | RMSE: 0.002355 | 201.2s
2026-04-13 22:31:56 |   Ep 11 | Tr: 3188.2308 | Val: 2784.3379 | RMSE: 0.002252 | 205.9s *
2026-04-13 22:35:17 |   Ep 12 | Tr: 3098.1772 | Val: 3177.6249 | RMSE: 0.002310 | 201.2s
2026-04-13 22:38:37 |   Ep 13 | Tr: 2778.7577 | Val: 3247.5000 | RMSE: 0.002301 | 200.0s
2026-04-13 22:41:56 |   Ep 14 | Tr: 2763.2718 | Val: 3420.4896 | RMSE: 0.002248 | 198.7s
2026-04-13 22:45:16 |   Ep 15 | Tr: 2757.9113 | Val: 3051.1850 | RMSE: 0.002261 | 200.1s
2026-04-13 22:48:43 |   Ep 16 | Tr: 2527.2790 | Val: 3269.4749 | RMSE: 0.002272 | 207.5s
2026-04-13 22:52:09 |   Ep 17 | Tr: 2490.6943 | Val: 3011.3492 | RMSE: 0.002281 | 205.3s
2026-04-13 22:55:34 |   Ep 18 | Tr: 2646.8478 | Val: 2633.5085 | RMSE: 0.002253 | 205.3s *
2026-04-13 22:58:58 |   Ep 19 | Tr: 2702.7203 | Val: 2875.5280 | RMSE: 0.002252 | 203.8s
2026-04-13 23:02:29 |   Ep 20 | Tr: 2307.5841 | Val: 3040.2012 | RMSE: 0.002262 | 210.8s
2026-04-13 23:05:49 |   Ep 21 | Tr: 2339.8468 | Val: 2850.4498 | RMSE: 0.002259 | 200.5s
2026-04-13 23:09:09 |   Ep 22 | Tr: 2261.0904 | Val: 2961.8664 | RMSE: 0.002285 | 200.0s
2026-04-13 23:12:35 |   Ep 23 | Tr: 2105.8486 | Val: 2686.1060 | RMSE: 0.002261 | 206.2s
2026-04-13 23:16:02 |   Ep 24 | Tr: 2151.1271 | Val: 2794.9742 | RMSE: 0.002276 | 206.8s
2026-04-13 23:19:22 |   Ep 25 | Tr: 2241.1357 | Val: 2735.8121 | RMSE: 0.002258 | 199.9s
2026-04-13 23:22:42 |   Ep 26 | Tr: 2120.8038 | Val: 2714.8457 | RMSE: 0.002264 | 200.1s
2026-04-13 23:26:04 |   Ep 27 | Tr: 2145.6629 | Val: 2738.4109 | RMSE: 0.002276 | 202.5s
2026-04-13 23:29:28 |   Ep 28 | Tr: 2036.6993 | Val: 2730.2990 | RMSE: 0.002268 | 203.9s
2026-04-13 23:32:54 |   Ep 29 | Tr: 2086.5107 | Val: 2631.7380 | RMSE: 0.002259 | 206.2s *
2026-04-13 23:36:23 |   Ep 30 | Tr: 2032.4386 | Val: 2672.9786 | RMSE: 0.002261 | 208.1s
2026-04-13 23:39:45 |   Ep 31 | Tr: 1968.3776 | Val: 2742.4606 | RMSE: 0.002278 | 202.6s
2026-04-13 23:43:11 |   Ep 32 | Tr: 1950.2221 | Val: 2692.0090 | RMSE: 0.002266 | 205.3s
2026-04-13 23:46:43 |   Ep 33 | Tr: 1969.1059 | Val: 2796.9594 | RMSE: 0.002276 | 212.2s
2026-04-13 23:50:14 |   Ep 34 | Tr: 1948.9657 | Val: 2727.0812 | RMSE: 0.002269 | 211.3s
2026-04-13 23:53:39 |   Ep 35 | Tr: 1920.4153 | Val: 2715.5304 | RMSE: 0.002268 | 205.1s
2026-04-13 23:57:07 |   Ep 36 | Tr: 1874.2799 | Val: 2704.9664 | RMSE: 0.002267 | 207.6s
2026-04-14 00:00:31 |   Ep 37 | Tr: 1897.6399 | Val: 2733.4444 | RMSE: 0.002274 | 203.9s
2026-04-14 00:03:54 |   Ep 38 | Tr: 1908.5566 | Val: 2753.5061 | RMSE: 0.002274 | 203.2s
2026-04-14 00:07:21 |   Ep 39 | Tr: 1889.7596 | Val: 2752.6444 | RMSE: 0.002273 | 207.1s
2026-04-14 00:10:46 |   Ep 40 | Tr: 1868.5144 | Val: 2709.5475 | RMSE: 0.002270 | 205.5s
2026-04-14 00:10:55 |   Fold 3: RMSE=0.002240 | Score=0.011412 | Cov=45.2% | 136.0min
2026-04-14 00:10:56 | 
============================================================
FOLD 4/5
============================================================
2026-04-14 00:10:59 | Train: 4,092,431 | Val: 1,244,983
2026-04-14 00:11:14 | X_train: (4061512, 4, 33) | X_val: (500000, 4, 33)
2026-04-14 00:14:32 |   Ep 01 | Tr: 48245.6799 | Val: 18095.2298 | RMSE: 0.004432 | 197.6s *
2026-04-14 00:18:00 |   Ep 02 | Tr: 39308.1624 | Val: 36451.0338 | RMSE: 0.007568 | 208.4s
2026-04-14 00:21:23 |   Ep 03 | Tr: 22380.5344 | Val: 15498.1345 | RMSE: 0.004679 | 203.1s *
2026-04-14 00:24:45 |   Ep 04 | Tr: 13563.1046 | Val: 4861.0919 | RMSE: 0.002089 | 202.2s *
2026-04-14 00:28:15 |   Ep 05 | Tr: 13019.9184 | Val: 12245.1535 | RMSE: 0.004147 | 209.4s
2026-04-14 00:31:33 |   Ep 06 | Tr: 8399.0100 | Val: 9829.2075 | RMSE: 0.003482 | 198.6s
2026-04-14 00:35:00 |   Ep 07 | Tr: 7242.2847 | Val: 2951.2028 | RMSE: 0.002072 | 206.6s *
2026-04-14 00:38:22 |   Ep 08 | Tr: 5514.4081 | Val: 6026.5936 | RMSE: 0.002571 | 201.7s
2026-04-14 00:41:44 |   Ep 09 | Tr: 4629.1226 | Val: 3364.4423 | RMSE: 0.002084 | 202.4s
2026-04-14 00:45:13 |   Ep 10 | Tr: 4778.6948 | Val: 4146.7778 | RMSE: 0.002143 | 209.2s
2026-04-14 00:48:42 |   Ep 11 | Tr: 5065.5583 | Val: 3608.0096 | RMSE: 0.002064 | 208.5s
2026-04-14 00:52:04 |   Ep 12 | Tr: 3387.4435 | Val: 2742.5200 | RMSE: 0.002070 | 202.5s *
2026-04-14 00:55:23 |   Ep 13 | Tr: 3521.6579 | Val: 4045.1191 | RMSE: 0.002136 | 198.8s
2026-04-14 00:58:47 |   Ep 14 | Tr: 2922.1498 | Val: 3186.4892 | RMSE: 0.002062 | 204.3s
2026-04-14 01:02:14 |   Ep 15 | Tr: 2852.7975 | Val: 2974.7735 | RMSE: 0.002097 | 206.9s
2026-04-14 01:05:40 |   Ep 16 | Tr: 2634.5518 | Val: 2892.7908 | RMSE: 0.002073 | 206.3s
2026-04-14 01:09:04 |   Ep 17 | Tr: 2743.8068 | Val: 3744.7636 | RMSE: 0.002165 | 203.8s
2026-04-14 01:12:25 |   Ep 18 | Tr: 2589.8068 | Val: 3001.0178 | RMSE: 0.002107 | 200.4s
2026-04-14 01:15:43 |   Ep 19 | Tr: 2449.5609 | Val: 3288.6587 | RMSE: 0.002095 | 197.9s
2026-04-14 01:19:03 |   Ep 20 | Tr: 2411.7257 | Val: 2947.6197 | RMSE: 0.002087 | 200.2s
2026-04-14 01:22:23 |   Ep 21 | Tr: 2444.1953 | Val: 2809.7472 | RMSE: 0.002095 | 199.6s
2026-04-14 01:25:37 |   Ep 22 | Tr: 2272.8087 | Val: 2861.0437 | RMSE: 0.002098 | 194.6s
2026-04-14 01:28:59 |   Ep 23 | Tr: 2275.1517 | Val: 2536.8588 | RMSE: 0.002082 | 202.0s *
2026-04-14 01:32:25 |   Ep 24 | Tr: 2254.6109 | Val: 2878.8883 | RMSE: 0.002098 | 206.2s
2026-04-14 01:35:55 |   Ep 25 | Tr: 2256.1738 | Val: 2622.1365 | RMSE: 0.002077 | 209.2s
2026-04-14 01:39:12 |   Ep 26 | Tr: 2355.0155 | Val: 2562.7955 | RMSE: 0.002076 | 197.3s
2026-04-14 01:42:34 |   Ep 27 | Tr: 2105.2752 | Val: 2643.6925 | RMSE: 0.002080 | 202.0s
2026-04-14 01:46:02 |   Ep 28 | Tr: 2165.3146 | Val: 2814.6495 | RMSE: 0.002081 | 208.5s
2026-04-14 01:49:20 |   Ep 29 | Tr: 2101.7379 | Val: 2675.8183 | RMSE: 0.002084 | 197.3s
2026-04-14 01:52:41 |   Ep 30 | Tr: 2067.1830 | Val: 2651.9293 | RMSE: 0.002086 | 201.3s
2026-04-14 01:56:05 |   Ep 31 | Tr: 2041.8072 | Val: 2728.9941 | RMSE: 0.002087 | 204.4s
2026-04-14 01:59:24 |   Ep 32 | Tr: 2030.3650 | Val: 2653.2136 | RMSE: 0.002088 | 198.7s
2026-04-14 02:02:45 |   Ep 33 | Tr: 1995.6207 | Val: 2679.0914 | RMSE: 0.002085 | 201.2s
2026-04-14 02:06:05 |   Ep 34 | Tr: 1944.7501 | Val: 2667.9948 | RMSE: 0.002088 | 199.3s
2026-04-14 02:09:21 |   Ep 35 | Tr: 2065.4793 | Val: 2683.2647 | RMSE: 0.002091 | 196.7s
2026-04-14 02:12:50 |   Ep 36 | Tr: 1934.6374 | Val: 2631.4124 | RMSE: 0.002088 | 208.5s
2026-04-14 02:16:09 |   Ep 37 | Tr: 1890.1390 | Val: 2653.0451 | RMSE: 0.002083 | 199.4s
2026-04-14 02:19:36 |   Ep 38 | Tr: 1954.3625 | Val: 2643.1428 | RMSE: 0.002088 | 207.1s
2026-04-14 02:23:06 |   Ep 39 | Tr: 1900.3072 | Val: 2638.3863 | RMSE: 0.002087 | 209.9s
2026-04-14 02:26:24 |   Ep 40 | Tr: 1907.1279 | Val: 2625.0829 | RMSE: 0.002085 | 198.0s
2026-04-14 02:26:33 |   Fold 4: RMSE=0.002062 | Score=0.044076 | Cov=49.1% | 135.6min
2026-04-14 02:26:33 | 
============================================================
FOLD 5/5
============================================================
2026-04-14 02:26:36 | Train: 4,121,749 | Val: 1,215,665
2026-04-14 02:26:50 | X_train: (4092929, 4, 33) | X_val: (500000, 4, 33)
2026-04-14 02:30:19 |   Ep 01 | Tr: 45939.1728 | Val: 27989.1545 | RMSE: 0.010795 | 208.5s *
2026-04-14 02:33:41 |   Ep 02 | Tr: 46947.1122 | Val: 36262.2212 | RMSE: 0.009819 | 201.4s
2026-04-14 02:37:05 |   Ep 03 | Tr: 29519.7028 | Val: 6498.6812 | RMSE: 0.003420 | 204.2s *
2026-04-14 02:40:33 |   Ep 04 | Tr: 17459.7592 | Val: 6784.6261 | RMSE: 0.002978 | 208.4s
2026-04-14 02:44:02 |   Ep 05 | Tr: 14298.8977 | Val: 6465.9029 | RMSE: 0.003471 | 208.7s *
2026-04-14 02:47:32 |   Ep 06 | Tr: 10557.6655 | Val: 10373.9833 | RMSE: 0.004836 | 210.2s
2026-04-14 02:50:56 |   Ep 07 | Tr: 6687.3144 | Val: 5043.1922 | RMSE: 0.003024 | 203.5s *
2026-04-14 02:54:20 |   Ep 08 | Tr: 6029.8796 | Val: 3130.6745 | RMSE: 0.002723 | 204.5s *
2026-04-14 02:57:39 |   Ep 09 | Tr: 4180.7212 | Val: 2787.5669 | RMSE: 0.002761 | 198.5s *
2026-04-14 03:01:11 |   Ep 10 | Tr: 4125.0814 | Val: 2250.9999 | RMSE: 0.002860 | 212.0s *
2026-04-14 03:04:32 |   Ep 11 | Tr: 3449.6030 | Val: 3671.6294 | RMSE: 0.003017 | 201.4s
2026-04-14 03:07:58 |   Ep 12 | Tr: 3049.1147 | Val: 2536.4699 | RMSE: 0.002776 | 206.0s
2026-04-14 03:11:31 |   Ep 13 | Tr: 2846.0220 | Val: 2533.8301 | RMSE: 0.002807 | 213.3s
2026-04-14 03:14:54 |   Ep 14 | Tr: 2982.6746 | Val: 1974.0216 | RMSE: 0.002674 | 202.6s *
2026-04-14 03:18:18 |   Ep 15 | Tr: 2855.4782 | Val: 1911.6599 | RMSE: 0.002705 | 204.1s *
2026-04-14 03:21:36 |   Ep 16 | Tr: 2925.5997 | Val: 1852.8607 | RMSE: 0.002683 | 197.8s *
2026-04-14 03:24:59 |   Ep 17 | Tr: 2481.4001 | Val: 1905.2708 | RMSE: 0.002683 | 202.8s
2026-04-14 03:28:28 |   Ep 18 | Tr: 2577.0209 | Val: 2460.8062 | RMSE: 0.002696 | 208.8s
2026-04-14 03:31:56 |   Ep 19 | Tr: 2549.8531 | Val: 2141.6504 | RMSE: 0.002711 | 208.2s
2026-04-14 03:35:15 |   Ep 20 | Tr: 2417.8417 | Val: 1760.9985 | RMSE: 0.002690 | 199.0s *
2026-04-14 03:38:38 |   Ep 21 | Tr: 2429.6885 | Val: 1969.5939 | RMSE: 0.002681 | 203.2s
2026-04-14 03:42:09 |   Ep 22 | Tr: 2477.9514 | Val: 1747.9497 | RMSE: 0.002679 | 211.0s *
2026-04-14 03:45:33 |   Ep 23 | Tr: 2512.2835 | Val: 1831.9034 | RMSE: 0.002681 | 203.9s
2026-04-14 03:48:58 |   Ep 24 | Tr: 2349.0294 | Val: 1789.4829 | RMSE: 0.002677 | 205.0s
2026-04-14 03:52:30 |   Ep 25 | Tr: 2419.6362 | Val: 2083.7351 | RMSE: 0.002676 | 212.0s
2026-04-14 03:55:52 |   Ep 26 | Tr: 2291.0771 | Val: 1803.4759 | RMSE: 0.002674 | 201.9s
2026-04-14 03:59:20 |   Ep 27 | Tr: 2272.7120 | Val: 1868.9172 | RMSE: 0.002691 | 208.3s
2026-04-14 04:02:41 |   Ep 28 | Tr: 2264.9722 | Val: 1768.7926 | RMSE: 0.002681 | 201.2s
2026-04-14 04:06:11 |   Ep 29 | Tr: 2256.8318 | Val: 1823.4376 | RMSE: 0.002676 | 209.6s
2026-04-14 04:09:34 |   Ep 30 | Tr: 2212.8949 | Val: 1890.3046 | RMSE: 0.002691 | 202.7s
2026-04-14 04:12:59 |   Ep 31 | Tr: 2182.2760 | Val: 1872.9466 | RMSE: 0.002695 | 205.1s
2026-04-14 04:16:21 |   Ep 32 | Tr: 2183.0465 | Val: 1787.4006 | RMSE: 0.002684 | 202.0s
2026-04-14 04:19:37 |   Ep 33 | Tr: 2171.6355 | Val: 1833.9995 | RMSE: 0.002686 | 196.2s
2026-04-14 04:23:09 |   Ep 34 | Tr: 2097.7528 | Val: 1801.3734 | RMSE: 0.002690 | 212.6s
2026-04-14 04:26:30 |   Ep 35 | Tr: 2170.5120 | Val: 1819.6590 | RMSE: 0.002683 | 200.2s
2026-04-14 04:29:51 |   Ep 36 | Tr: 2095.5067 | Val: 1797.1764 | RMSE: 0.002689 | 201.7s
2026-04-14 04:33:15 |   Ep 37 | Tr: 2073.6673 | Val: 1786.1441 | RMSE: 0.002686 | 203.2s
2026-04-14 04:36:38 |   Ep 38 | Tr: 2101.5073 | Val: 1806.4235 | RMSE: 0.002689 | 203.7s
2026-04-14 04:39:57 |   Ep 39 | Tr: 2111.7040 | Val: 1782.4079 | RMSE: 0.002687 | 198.8s
2026-04-14 04:43:20 |   Ep 40 | Tr: 2077.8457 | Val: 1786.7276 | RMSE: 0.002687 | 202.6s
2026-04-14 04:43:27 |   Fold 5: RMSE=0.002674 | Score=0.035531 | Cov=43.0% | 136.9min
2026-04-14 04:43:28 | 
5-Fold CV Training Complete!
2026-04-14 09:26:27 | ============================================================
2026-04-14 09:26:27 | 5-FOLD CROSS-VALIDATION RESULTS
2026-04-14 09:26:27 | ============================================================
2026-04-14 09:26:27 | Metric                          Mean      ± Std        Min        Max
2026-04-14 09:26:27 | -------------------------------------------------------------------
2026-04-14 09:26:27 | Best RMSE                   0.002216   0.000456   0.001439   0.002674
2026-04-14 09:26:27 | Best Val Loss             2451.624193 509.815891 1747.949743 3248.988186
2026-04-14 09:26:27 | Comp Score (raw)            0.000000   0.000000   0.000000   0.000000
2026-04-14 09:26:27 | Comp Score (scaled)         0.042420   0.021070   0.011412   0.077143
2026-04-14 09:26:27 | Optimal Scale               0.216462   0.091054   0.057593   0.334522
2026-04-14 09:26:27 | P10 Calibration             0.289278   0.012371   0.270602   0.308162
2026-04-14 09:26:27 | P50 Calibration             0.519453   0.010229   0.512298   0.539738
2026-04-14 09:26:27 | P90 Calibration             0.751930   0.016944   0.725380   0.768894
2026-04-14 09:26:27 | Coverage (80%)              0.462653   0.021291   0.429862   0.491256
2026-04-14 09:26:27 | W. Coverage                 0.800003   0.054203   0.762949   0.907004
2026-04-14 09:26:27 | Width                       0.182688   0.039204   0.137135   0.239288
2026-04-14 09:26:27 | Pinball P10                 3.142302   0.344881   2.678405   3.699600
2026-04-14 09:26:27 | Pinball P50                 2.857289   0.352957   2.246720   3.166799
2026-04-14 09:26:27 | Pinball P90                 2.522031   0.574856   1.764798   3.387671
2026-04-14 09:26:27 | 
2026-04-14 09:26:27 | Per-Fold:
2026-04-14 09:26:27 | Fold   RMSE         Score        Cov%       P50Cal%    Scale     
2026-04-14 09:26:27 | ------------------------------------------------------------
2026-04-14 09:26:27 | 1      0.001439     0.077143     47.9       51.6       0.3345    
2026-04-14 09:26:27 | 2      0.002665     0.043937     46.1       54.0       0.2639    
2026-04-14 09:26:27 | 3      0.002240     0.011412     45.2       51.4       0.0576    
2026-04-14 09:26:27 | 4      0.002062     0.044076     49.1       51.6       0.2121    
2026-04-14 09:26:27 | 5      0.002674     0.035531     43.0       51.2       0.2142    
2026-04-14 09:26:27 | 
2026-04-14 09:26:27 | Pinball Loss (mean across folds):
2026-04-14 09:26:27 |   P10: Model=3.142302 | Baseline=3.173275 | WIN
2026-04-14 09:26:27 |   P50: Model=2.857289 | Baseline=2.857975 | WIN
2026-04-14 09:26:27 |   P90: Model=2.522031 | Baseline=2.542676 | WIN
2026-04-14 09:26:36 | All plots saved to checkpoints_07_kfold
2026-04-14 09:26:36 | ============================================================
2026-04-14 09:26:36 | 5-FOLD CROSS-VALIDATION COMPLETE!
2026-04-14 09:26:36 | ============================================================
